<?xml version="1.0" encoding="UTF-8"?>
<!-- Generated by org.testng.reporters.JUnitXMLReporter -->
<testsuite hostname="Assuresofts-MacBook-Pro.local" ignored="0" tests="7" failures="0" timestamp="2023-03-09T12:17:42 BRT" time="6.107" errors="0">
  <testcase name="test_1_post" time="2.03" classname="Tests_POST"/>
  <testcase name="test_2_put" time="0.712" classname="Test_Put"/>
  <testcase name="test_3_patch" time="0.686" classname="Test_Put"/>
  <testcase name="test_4_delete" time="0.712" classname="Test_Put"/>
  <testcase name="test_03" time="1.019" classname="Tests_GET"/>
  <testcase name="test_01" time="0.447" classname="Test01_GET"/>
  <testcase name="test_02" time="0.468" classname="Test01_GET"/>
</testsuite>
