<?xml version="1.0" encoding="UTF-8"?>
<!-- Generated by org.testng.reporters.JUnitXMLReporter -->
<testsuite hostname="Assuresofts-MacBook-Pro.local" ignored="0" tests="4" failures="0" timestamp="2023-03-06T22:37:29 BRT" time="2.872" errors="0">
  <testcase name="test_1_post" time="0.004" classname="Tests_POST"/>
  <testcase name="test_03" time="2.516" classname="Tests_GET"/>
  <testcase name="test_01" time="0.148" classname="Test01_GET"/>
  <testcase name="test_02" time="0.171" classname="Test01_GET"/>
</testsuite>
