<?xml version="1.0" encoding="UTF-8"?>
<testng-results skipped="0" failed="0" ignored="0" total="4" passed="4">
  <reporter-output>
  </reporter-output>
  <suite name="Command line suite" duration-ms="2872" started-at="2023-03-06T22:37:21 BRT" finished-at="2023-03-06T22:37:24 BRT">
    <groups>
    </groups>
    <test name="Command line test" duration-ms="2872" started-at="2023-03-06T22:37:21 BRT" finished-at="2023-03-06T22:37:24 BRT">
      <class name="Test01_GET">
        <test-method status="PASS" signature="test_01()[pri:0, instance:Test01_GET@343f4d3d]" name="test_01" duration-ms="148" started-at="2023-03-06T22:37:24 BRT" finished-at="2023-03-06T22:37:24 BRT">
          <reporter-output>
          </reporter-output>
        </test-method> <!-- test_01 -->
        <test-method status="PASS" signature="test_02()[pri:0, instance:Test01_GET@343f4d3d]" name="test_02" duration-ms="171" started-at="2023-03-06T22:37:24 BRT" finished-at="2023-03-06T22:37:24 BRT">
          <reporter-output>
          </reporter-output>
        </test-method> <!-- test_02 -->
      </class> <!-- Test01_GET -->
      <class name="Tests_GET">
        <test-method status="PASS" signature="test_03()[pri:0, instance:Tests_GET@57baeedf]" name="test_03" duration-ms="2516" started-at="2023-03-06T22:37:22 BRT" finished-at="2023-03-06T22:37:24 BRT">
          <reporter-output>
          </reporter-output>
        </test-method> <!-- test_03 -->
      </class> <!-- Tests_GET -->
      <class name="Tests_POST">
        <test-method status="PASS" signature="test_1_post()[pri:0, instance:Tests_POST@42e26948]" name="test_1_post" duration-ms="4" started-at="2023-03-06T22:37:22 BRT" finished-at="2023-03-06T22:37:22 BRT">
          <reporter-output>
          </reporter-output>
        </test-method> <!-- test_1_post -->
      </class> <!-- Tests_POST -->
    </test> <!-- Command line test -->
  </suite> <!-- Command line suite -->
</testng-results>
